[debug] [2022-11-28T14:14:49.409Z] ----------------------------------------------------------------------
[debug] [2022-11-28T14:14:49.419Z] Command:       C:\Program Files\nodejs\node.exe C:\Users\88018\AppData\Roaming\npm\node_modules\firebase-tools\lib\bin\firebase.js deploy
[debug] [2022-11-28T14:14:49.420Z] CLI Version:   11.16.0
[debug] [2022-11-28T14:14:49.420Z] Platform:      win32
[debug] [2022-11-28T14:14:49.420Z] Node Version:  v16.15.1
[debug] [2022-11-28T14:14:49.590Z] Time:          Mon Nov 28 2022 20:14:49 GMT+0600 (Bangladesh Standard Time)
[debug] [2022-11-28T14:14:49.591Z] ----------------------------------------------------------------------
[debug] 
[debug] [2022-11-28T14:14:49.773Z] > command requires scopes: ["email","openid","https://www.googleapis.com/auth/cloudplatformprojects.readonly","https://www.googleapis.com/auth/firebase","https://www.googleapis.com/auth/cloud-platform"]
[debug] [2022-11-28T14:14:49.773Z] > authorizing via signed-in user (taninr87@gmail.com)
[debug] [2022-11-28T14:14:49.774Z] [iam] checking project beche-daw for permissions ["firebase.projects.get","firebasehosting.sites.update"]
[debug] [2022-11-28T14:14:49.779Z] > refreshing access token with scopes: []
[debug] [2022-11-28T14:14:49.782Z] >>> [apiv2][query] POST https://www.googleapis.com/oauth2/v3/token [none]
[debug] [2022-11-28T14:14:49.782Z] >>> [apiv2][body] POST https://www.googleapis.com/oauth2/v3/token [omitted]
[debug] [2022-11-28T14:14:50.505Z] <<< [apiv2][status] POST https://www.googleapis.com/oauth2/v3/token 200
[debug] [2022-11-28T14:14:50.506Z] <<< [apiv2][body] POST https://www.googleapis.com/oauth2/v3/token [omitted]
[debug] [2022-11-28T14:14:50.640Z] >>> [apiv2][query] POST https://cloudresourcemanager.googleapis.com/v1/projects/beche-daw:testIamPermissions [none]
[debug] [2022-11-28T14:14:50.640Z] >>> [apiv2][(partial)header] POST https://cloudresourcemanager.googleapis.com/v1/projects/beche-daw:testIamPermissions x-goog-quota-user=projects/beche-daw
[debug] [2022-11-28T14:14:50.641Z] >>> [apiv2][body] POST https://cloudresourcemanager.googleapis.com/v1/projects/beche-daw:testIamPermissions {"permissions":["firebase.projects.get","firebasehosting.sites.update"]}
[debug] [2022-11-28T14:14:52.903Z] <<< [apiv2][status] POST https://cloudresourcemanager.googleapis.com/v1/projects/beche-daw:testIamPermissions 200
[debug] [2022-11-28T14:14:52.903Z] <<< [apiv2][body] POST https://cloudresourcemanager.googleapis.com/v1/projects/beche-daw:testIamPermissions {"permissions":["firebase.projects.get","firebasehosting.sites.update"]}
[debug] [2022-11-28T14:14:52.904Z] >>> [apiv2][query] GET https://firebase.googleapis.com/v1beta1/projects/beche-daw [none]
[debug] [2022-11-28T14:15:23.705Z] Timeout reached making request to https://firebase.googleapis.com/v1beta1/projects/beche-daw
[debug] [2022-11-28T14:15:24.828Z] FirebaseError: Timeout reached making request to https://firebase.googleapis.com/v1beta1/projects/beche-daw
    at RetryOperation._fn (C:\Users\88018\AppData\Roaming\npm\node_modules\firebase-tools\lib\apiv2.js:238:35)
    at processTicksAndRejections (node:internal/process/task_queues:96:5)
[error] 
[error] Error: Failed to get Firebase project beche-daw. Please make sure the project exists and your account has permission to access it.
[debug] [2022-11-28T14:16:10.569Z] ----------------------------------------------------------------------
[debug] [2022-11-28T14:16:10.623Z] Command:       C:\Program Files\nodejs\node.exe C:\Users\88018\AppData\Roaming\npm\node_modules\firebase-tools\lib\bin\firebase.js deploy
[debug] [2022-11-28T14:16:10.624Z] CLI Version:   11.16.0
[debug] [2022-11-28T14:16:10.624Z] Platform:      win32
[debug] [2022-11-28T14:16:10.624Z] Node Version:  v16.15.1
[debug] [2022-11-28T14:16:11.220Z] Time:          Mon Nov 28 2022 20:16:10 GMT+0600 (Bangladesh Standard Time)
[debug] [2022-11-28T14:16:11.220Z] ----------------------------------------------------------------------
[debug] 
[debug] [2022-11-28T14:16:11.463Z] > command requires scopes: ["email","openid","https://www.googleapis.com/auth/cloudplatformprojects.readonly","https://www.googleapis.com/auth/firebase","https://www.googleapis.com/auth/cloud-platform"]
[debug] [2022-11-28T14:16:11.468Z] > authorizing via signed-in user (taninr87@gmail.com)
[debug] [2022-11-28T14:16:11.469Z] [iam] checking project beche-daw for permissions ["firebase.projects.get","firebasehosting.sites.update"]
[debug] [2022-11-28T14:16:11.487Z] >>> [apiv2][query] POST https://cloudresourcemanager.googleapis.com/v1/projects/beche-daw:testIamPermissions [none]
[debug] [2022-11-28T14:16:11.488Z] >>> [apiv2][(partial)header] POST https://cloudresourcemanager.googleapis.com/v1/projects/beche-daw:testIamPermissions x-goog-quota-user=projects/beche-daw
[debug] [2022-11-28T14:16:11.488Z] >>> [apiv2][body] POST https://cloudresourcemanager.googleapis.com/v1/projects/beche-daw:testIamPermissions {"permissions":["firebase.projects.get","firebasehosting.sites.update"]}
[debug] [2022-11-28T14:16:13.929Z] <<< [apiv2][status] POST https://cloudresourcemanager.googleapis.com/v1/projects/beche-daw:testIamPermissions 200
[debug] [2022-11-28T14:16:13.930Z] <<< [apiv2][body] POST https://cloudresourcemanager.googleapis.com/v1/projects/beche-daw:testIamPermissions {"permissions":["firebase.projects.get","firebasehosting.sites.update"]}
[debug] [2022-11-28T14:16:13.932Z] >>> [apiv2][query] GET https://firebase.googleapis.com/v1beta1/projects/beche-daw [none]
[debug] [2022-11-28T14:16:16.629Z] <<< [apiv2][status] GET https://firebase.googleapis.com/v1beta1/projects/beche-daw 200
[debug] [2022-11-28T14:16:16.630Z] <<< [apiv2][body] GET https://firebase.googleapis.com/v1beta1/projects/beche-daw {"projectId":"beche-daw","projectNumber":"1056399573160","displayName":"beche-daw","name":"projects/beche-daw","resources":{"hostingSite":"beche-daw"},"state":"ACTIVE","etag":"1_7f4c316f-6dab-417b-86c7-fd4baff9b797"}
[info] 
[info] === Deploying to 'beche-daw'...
[info] 
[info] i  deploying hosting 
[debug] [2022-11-28T14:16:16.833Z] >>> [apiv2][query] POST https://firebasehosting.googleapis.com/v1beta1/projects/-/sites/beche-daw/versions [none]
[debug] [2022-11-28T14:16:16.834Z] >>> [apiv2][body] POST https://firebasehosting.googleapis.com/v1beta1/projects/-/sites/beche-daw/versions {"status":"CREATED","labels":{"deployment-tool":"cli-firebase"}}
[debug] [2022-11-28T14:16:20.913Z] <<< [apiv2][status] POST https://firebasehosting.googleapis.com/v1beta1/projects/-/sites/beche-daw/versions 200
[debug] [2022-11-28T14:16:20.914Z] <<< [apiv2][body] POST https://firebasehosting.googleapis.com/v1beta1/projects/-/sites/beche-daw/versions {"name":"projects/1056399573160/sites/beche-daw/versions/0673a1739cb3fc12","status":"CREATED","config":{},"labels":{"deployment-tool":"cli-firebase"}}
[info] i  hosting[beche-daw]: beginning deploy... 
[info] i  hosting[beche-daw]: found 19 files in build 
[debug] [2022-11-28T14:16:21.067Z] [hosting] uploading with 200 concurrency
[debug] [2022-11-28T14:16:21.848Z] [hosting] hash cache [YnVpbGQ] stored for 19 files
[debug] [2022-11-28T14:16:21.849Z] [hosting][hash queue][FINAL] {"max":684,"min":8,"avg":137.31578947368422,"active":0,"complete":19,"success":19,"errored":0,"retried":0,"total":19,"elapsed":749}
[debug] [2022-11-28T14:16:21.849Z] >>> [apiv2][query] POST https://firebasehosting.googleapis.com/v1beta1/projects/1056399573160/sites/beche-daw/versions/0673a1739cb3fc12:populateFiles [none]
[debug] [2022-11-28T14:16:21.849Z] >>> [apiv2][body] POST https://firebasehosting.googleapis.com/v1beta1/projects/1056399573160/sites/beche-daw/versions/0673a1739cb3fc12:populateFiles {"files":{"/favicon.ico":"978b19a60b852d16e0b1ff7f1571e220aa15917e53c8ef15667da7f292d3d0dd","/logo192.png":"3ee59515172ee198f3be375979df15ac5345183e656720a381b8872b2a39dc8b","/logo512.png":"ee7e2f3fdb8209c4b6fd7bef6ba50d1b9dba30a25bb5c3126df057e1cb6f5331","/manifest.json":"aff3449bdc238776f5d6d967f19ec491b36aed5fb7f23ccff6500736fd58494a","/robots.txt":"bfe106a3fb878dc83461c86818bf74fc1bdc7f28538ba613cd3e775516ce8b49","/asset-manifest.json":"a6d085cafe6d179a6c452bdd62823d824dc8e1df4f1f30e8652411c81e6669b6","/index.html":"c712b5d1ee971691365f81f5c22bb61820b753bd5ba6f0818c0fc0341229fa1c","/static/js/main.595a120f.js.LICENSE.txt":"f621b4e7f4e61953028a8d52b85cfaaac237bfffcb40034341de36786ecc3b16","/static/css/main.739e9092.css.map":"3b7ca8ca55f912bf4b46bded5a9365ef513f8811974bcb146166e52566b8cac8","/static/js/787.28cb0dcd.chunk.js":"b72129aadef2b1cce5f847b935b4b58bca879c736479ede4c4e80bccf03f82a0","/static/js/787.28cb0dcd.chunk.js.map":"7f861e631c0bfc95128bc71fc8bd95a1dbdfe31dc0d8d063e60464968cf1c800","/static/media/apple.bb244584c7424bca956e.jpeg":"4f02cf2a0310b99e4d77e25ebc75d7dda7a0b3d935dbdb3cab619ef1fb928d5f","/static/css/main.739e9092.css":"757f39ad4ccfc51049c11a02e182b7b975a2242ba75797087c2554d4943fa4b5","/static/media/404Image.58469d0928ff579e5736.webp":"6fa025736c36d04f8c447466ee018e585bb3a0e3d29df830b9e4964638cb90d9","/static/media/oppo.f2752efc394ea2ca9db0.jpg":"007222268377dcfc37ffe975bd82e29cda2f00eaf274de8ab949409f66fae2cb","/static/media/samsung.1ec0eb551d186a1c4eb4.jpg":"2c26c77c14ba560056749924a116d573bc10469f7359e3c50d41a9a20a14adb2","/static/media/banner.da1b09417ab65e240248.png":"994469e7809c6deffd1c124b6a8605dcb4a8d979a032747631a010595de37a90","/static/js/main.595a120f.js":"5bf187182dce326495b8f30f90005aadf150d805f6bb92d40620521da1929229","/static/js/main.595a120f.js.map":"f9d69175cf5c0875cb4c38b4653e4ca92111f7a3c972c537413144e0cd23efdb"}}
[debug] [2022-11-28T14:16:33.669Z] <<< [apiv2][status] POST https://firebasehosting.googleapis.com/v1beta1/projects/1056399573160/sites/beche-daw/versions/0673a1739cb3fc12:populateFiles 200
[debug] [2022-11-28T14:16:33.669Z] <<< [apiv2][body] POST https://firebasehosting.googleapis.com/v1beta1/projects/1056399573160/sites/beche-daw/versions/0673a1739cb3fc12:populateFiles {"uploadRequiredHashes":["c712b5d1ee971691365f81f5c22bb61820b753bd5ba6f0818c0fc0341229fa1c","f9d69175cf5c0875cb4c38b4653e4ca92111f7a3c972c537413144e0cd23efdb","5bf187182dce326495b8f30f90005aadf150d805f6bb92d40620521da1929229","a6d085cafe6d179a6c452bdd62823d824dc8e1df4f1f30e8652411c81e6669b6"],"uploadUrl":"https://upload-firebasehosting.googleapis.com/upload/sites/beche-daw/versions/0673a1739cb3fc12/files"}
[debug] [2022-11-28T14:16:33.672Z] >>> [apiv2][query] POST https://upload-firebasehosting.googleapis.com/upload/sites/beche-daw/versions/0673a1739cb3fc12/files/c712b5d1ee971691365f81f5c22bb61820b753bd5ba6f0818c0fc0341229fa1c [none]
[debug] [2022-11-28T14:16:33.672Z] >>> [apiv2][body] POST https://upload-firebasehosting.googleapis.com/upload/sites/beche-daw/versions/0673a1739cb3fc12/files/c712b5d1ee971691365f81f5c22bb61820b753bd5ba6f0818c0fc0341229fa1c [stream]
[debug] [2022-11-28T14:16:33.674Z] >>> [apiv2][query] POST https://upload-firebasehosting.googleapis.com/upload/sites/beche-daw/versions/0673a1739cb3fc12/files/f9d69175cf5c0875cb4c38b4653e4ca92111f7a3c972c537413144e0cd23efdb [none]
[debug] [2022-11-28T14:16:33.674Z] >>> [apiv2][body] POST https://upload-firebasehosting.googleapis.com/upload/sites/beche-daw/versions/0673a1739cb3fc12/files/f9d69175cf5c0875cb4c38b4653e4ca92111f7a3c972c537413144e0cd23efdb [stream]
[debug] [2022-11-28T14:16:33.675Z] >>> [apiv2][query] POST https://upload-firebasehosting.googleapis.com/upload/sites/beche-daw/versions/0673a1739cb3fc12/files/5bf187182dce326495b8f30f90005aadf150d805f6bb92d40620521da1929229 [none]
[debug] [2022-11-28T14:16:33.676Z] >>> [apiv2][body] POST https://upload-firebasehosting.googleapis.com/upload/sites/beche-daw/versions/0673a1739cb3fc12/files/5bf187182dce326495b8f30f90005aadf150d805f6bb92d40620521da1929229 [stream]
[debug] [2022-11-28T14:16:33.677Z] >>> [apiv2][query] POST https://upload-firebasehosting.googleapis.com/upload/sites/beche-daw/versions/0673a1739cb3fc12/files/a6d085cafe6d179a6c452bdd62823d824dc8e1df4f1f30e8652411c81e6669b6 [none]
[debug] [2022-11-28T14:16:33.677Z] >>> [apiv2][body] POST https://upload-firebasehosting.googleapis.com/upload/sites/beche-daw/versions/0673a1739cb3fc12/files/a6d085cafe6d179a6c452bdd62823d824dc8e1df4f1f30e8652411c81e6669b6 [stream]
[debug] [2022-11-28T14:16:33.678Z] [hosting][populate queue][FINAL] {"max":11837,"min":11837,"avg":11837,"active":0,"complete":1,"success":1,"errored":0,"retried":0,"total":1,"elapsed":11843}
[debug] [2022-11-28T14:16:33.678Z] [hosting] uploads queued: 4
[debug] [2022-11-28T14:16:37.563Z] <<< [apiv2][status] POST https://upload-firebasehosting.googleapis.com/upload/sites/beche-daw/versions/0673a1739cb3fc12/files/c712b5d1ee971691365f81f5c22bb61820b753bd5ba6f0818c0fc0341229fa1c 200
[debug] [2022-11-28T14:16:37.563Z] <<< [apiv2][body] POST https://upload-firebasehosting.googleapis.com/upload/sites/beche-daw/versions/0673a1739cb3fc12/files/c712b5d1ee971691365f81f5c22bb61820b753bd5ba6f0818c0fc0341229fa1c [stream]
[debug] [2022-11-28T14:16:37.587Z] <<< [apiv2][status] POST https://upload-firebasehosting.googleapis.com/upload/sites/beche-daw/versions/0673a1739cb3fc12/files/f9d69175cf5c0875cb4c38b4653e4ca92111f7a3c972c537413144e0cd23efdb 200
[debug] [2022-11-28T14:16:37.587Z] <<< [apiv2][body] POST https://upload-firebasehosting.googleapis.com/upload/sites/beche-daw/versions/0673a1739cb3fc12/files/f9d69175cf5c0875cb4c38b4653e4ca92111f7a3c972c537413144e0cd23efdb [stream]
[debug] [2022-11-28T14:16:38.175Z] <<< [apiv2][status] POST https://upload-firebasehosting.googleapis.com/upload/sites/beche-daw/versions/0673a1739cb3fc12/files/5bf187182dce326495b8f30f90005aadf150d805f6bb92d40620521da1929229 200
[debug] [2022-11-28T14:16:38.175Z] <<< [apiv2][body] POST https://upload-firebasehosting.googleapis.com/upload/sites/beche-daw/versions/0673a1739cb3fc12/files/5bf187182dce326495b8f30f90005aadf150d805f6bb92d40620521da1929229 [stream]
[debug] [2022-11-28T14:16:42.036Z] <<< [apiv2][status] POST https://upload-firebasehosting.googleapis.com/upload/sites/beche-daw/versions/0673a1739cb3fc12/files/a6d085cafe6d179a6c452bdd62823d824dc8e1df4f1f30e8652411c81e6669b6 200
[debug] [2022-11-28T14:16:42.036Z] <<< [apiv2][body] POST https://upload-firebasehosting.googleapis.com/upload/sites/beche-daw/versions/0673a1739cb3fc12/files/a6d085cafe6d179a6c452bdd62823d824dc8e1df4f1f30e8652411c81e6669b6 [stream]
[debug] [2022-11-28T14:16:42.036Z] [hosting][upload queue][FINAL] {"max":8364,"min":3893,"avg":5169.25,"active":0,"complete":4,"success":4,"errored":0,"retried":0,"total":4,"elapsed":8366}
[info] +  hosting[beche-daw]: file upload complete 
[debug] [2022-11-28T14:16:42.037Z] [hosting] deploy completed after 21119ms
[debug] [2022-11-28T14:16:42.041Z] [
  {
    "config": {
      "public": "build",
      "ignore": [
        "firebase.json",
        "**/.*",
        "**/node_modules/**"
      ],
      "rewrites": [
        {
          "source": "**",
          "destination": "/index.html"
        }
      ],
      "site": "beche-daw"
    },
    "version": "projects/1056399573160/sites/beche-daw/versions/0673a1739cb3fc12"
  }
]
[info] i  hosting[beche-daw]: finalizing version... 
[debug] [2022-11-28T14:16:42.045Z] >>> [apiv2][query] PATCH https://firebasehosting.googleapis.com/v1beta1/projects/-/sites/beche-daw/versions/0673a1739cb3fc12 updateMask=status%2Cconfig
[debug] [2022-11-28T14:16:42.045Z] >>> [apiv2][body] PATCH https://firebasehosting.googleapis.com/v1beta1/projects/-/sites/beche-daw/versions/0673a1739cb3fc12 {"status":"FINALIZED","config":{"rewrites":[{"glob":"**","path":"/index.html"}]}}
[debug] [2022-11-28T14:16:44.260Z] <<< [apiv2][status] PATCH https://firebasehosting.googleapis.com/v1beta1/projects/-/sites/beche-daw/versions/0673a1739cb3fc12 200
[debug] [2022-11-28T14:16:44.260Z] <<< [apiv2][body] PATCH https://firebasehosting.googleapis.com/v1beta1/projects/-/sites/beche-daw/versions/0673a1739cb3fc12 {"name":"projects/1056399573160/sites/beche-daw/versions/0673a1739cb3fc12","status":"FINALIZED","config":{"rewrites":[{"glob":"**","path":"/index.html"}]},"labels":{"deployment-tool":"cli-firebase"},"createTime":"2022-11-28T14:16:17.954304Z","createUser":{"email":"taninr87@gmail.com"},"finalizeTime":"2022-11-28T14:16:43.278729Z","finalizeUser":{"email":"taninr87@gmail.com"}}
[debug] [2022-11-28T14:16:44.261Z] [hosting] finalized version for beche-daw:[object Object]
[info] +  hosting[beche-daw]: version finalized 
[info] i  hosting[beche-daw]: releasing new version... 
[debug] [2022-11-28T14:16:44.264Z] >>> [apiv2][query] POST https://firebasehosting.googleapis.com/v1beta1/projects/-/sites/beche-daw/channels/live/releases versionName=projects%2F1056399573160%2Fsites%2Fbeche-daw%2Fversions%2F0673a1739cb3fc12
[debug] [2022-11-28T14:16:44.264Z] >>> [apiv2][body] POST https://firebasehosting.googleapis.com/v1beta1/projects/-/sites/beche-daw/channels/live/releases {}
[debug] [2022-11-28T14:16:47.788Z] <<< [apiv2][status] POST https://firebasehosting.googleapis.com/v1beta1/projects/-/sites/beche-daw/channels/live/releases 200
[debug] [2022-11-28T14:16:47.788Z] <<< [apiv2][body] POST https://firebasehosting.googleapis.com/v1beta1/projects/-/sites/beche-daw/channels/live/releases {"name":"projects/1056399573160/sites/beche-daw/channels/live/releases/1669645005032544","version":{"name":"projects/1056399573160/sites/beche-daw/versions/0673a1739cb3fc12","status":"FINALIZED","config":{"rewrites":[{"glob":"**","path":"/index.html"}]},"labels":{"deployment-tool":"cli-firebase"},"createTime":"2022-11-28T14:16:17.954304Z","createUser":{"email":"taninr87@gmail.com","imageUrl":"https://lh3.googleusercontent.com/a/ALm5wu3-WJ_7-kbO6GJQ0_UgDuER9DvFkiFVB78odg_X"},"finalizeTime":"2022-11-28T14:16:43.278729Z","finalizeUser":{"email":"taninr87@gmail.com","imageUrl":"https://lh3.googleusercontent.com/a/ALm5wu3-WJ_7-kbO6GJQ0_UgDuER9DvFkiFVB78odg_X"}},"type":"DEPLOY","releaseTime":"2022-11-28T14:16:45.032544679Z","releaseUser":{"email":"taninr87@gmail.com","imageUrl":"https://lh3.googleusercontent.com/a/ALm5wu3-WJ_7-kbO6GJQ0_UgDuER9DvFkiFVB78odg_X"}}
[debug] [2022-11-28T14:16:47.788Z] [hosting] release: {"name":"projects/1056399573160/sites/beche-daw/channels/live/releases/1669645005032544","version":{"name":"projects/1056399573160/sites/beche-daw/versions/0673a1739cb3fc12","status":"FINALIZED","config":{"rewrites":[{"glob":"**","path":"/index.html"}]},"labels":{"deployment-tool":"cli-firebase"},"createTime":"2022-11-28T14:16:17.954304Z","createUser":{"email":"taninr87@gmail.com","imageUrl":"https://lh3.googleusercontent.com/a/ALm5wu3-WJ_7-kbO6GJQ0_UgDuER9DvFkiFVB78odg_X"},"finalizeTime":"2022-11-28T14:16:43.278729Z","finalizeUser":{"email":"taninr87@gmail.com","imageUrl":"https://lh3.googleusercontent.com/a/ALm5wu3-WJ_7-kbO6GJQ0_UgDuER9DvFkiFVB78odg_X"}},"type":"DEPLOY","releaseTime":"2022-11-28T14:16:45.032544679Z","releaseUser":{"email":"taninr87@gmail.com","imageUrl":"https://lh3.googleusercontent.com/a/ALm5wu3-WJ_7-kbO6GJQ0_UgDuER9DvFkiFVB78odg_X"}}
[info] +  hosting[beche-daw]: release complete 
[info] 
[info] +  Deploy complete! 
[info] 
[info] Project Console: https://console.firebase.google.com/project/beche-daw/overview
[info] Hosting URL: https://beche-daw.web.app
[debug] [2022-11-28T14:16:54.654Z] Error: Timed out.
    at Timeout._onTimeout (C:\Users\88018\AppData\Roaming\npm\node_modules\firebase-tools\lib\utils.js:253:49)
    at listOnTimeout (node:internal/timers:559:17)
    at processTimers (node:internal/timers:502:7)
[error] 
[error] Error: An unexpected error has occurred.
